date:2026-04-02 14:29:44	thread:main	X-Track:	level:WARN 	logger:o.s.s.config.annotation.web.builders.WebSecurity	message:You are asking Spring Security to ignore Ant [pattern='/resources/**']. This is not recommended -- please use permitAll via HttpSecurity#authorizeHttpRequests instead.
date:2026-04-02 14:29:44	thread:main	X-Track:	level:INFO 	logger:o.springframework.web.servlet.DispatcherServlet 	message:Initializing Servlet 'appServlet'
date:2026-04-02 14:29:45	thread:main	X-Track:	level:TRACE	logger:o.s.w.s.m.m.a.RequestMappingHandlerMapping      	message:
  	c.e.t.a.a.c.e.CommonErrorController:
  	{ [/common/error/missingCsrfTokenError]}: missingCsrfTokenError()
  	{ [/common/error/invalidCsrfTokenError]}: invalidCsrfTokenError()
  	{ [/common/error/transactionTokenError]}: transactionTokenError()
  	{ [/common/error/resourceNotFoundError]}: resourceNotFoundError()
  	{ [/common/error/accessDeniedError]}: accessDeniedError()
  	{ [/common/error/dataAccessError]}: dataAccessError()
  	{ [/common/error/systemError]}: systemError()
  	{ [/common/error/businessError]}: businessError()
date:2026-04-02 14:29:45	thread:main	X-Track:	level:TRACE	logger:o.s.w.s.m.m.a.RequestMappingHandlerMapping      	message:
  	c.e.t.a.a.e.EmployeeSearchController:
  	{GET [/employee/search]}: search(EmployeeSearchForm,BindingResult,int,int,Model)
  	{GET [/]}: home()
  	{GET [/employee/detail/{employeeId}]}: detail(Integer,int,int,String,String,Integer,String,String,String,Model)
  	{POST [/employee/detail/{employeeId}/update]}: updateEmployee(Integer,String,Integer,String,String,String,int,int,String,String,Integer,String,String,String)
date:2026-04-02 14:29:45	thread:main	X-Track:	level:TRACE	logger:o.s.w.s.m.m.a.RequestMappingHandlerMapping      	message:
  	c.e.t.a.a.w.HelloController:
  	{GET [/hello]}: home(Locale,Model)
date:2026-04-02 14:29:45	thread:main	X-Track:	level:DEBUG	logger:o.s.w.s.m.m.a.RequestMappingHandlerMapping      	message:13 mappings in 'requestMappingHandlerMapping'
date:2026-04-02 14:29:47	thread:main	X-Track:	level:INFO 	logger:o.springframework.web.servlet.DispatcherServlet 	message:Completed initialization in 2660 ms
date:2026-04-02 14:31:15	thread:main	X-Track:	level:WARN 	logger:o.s.s.config.annotation.web.builders.WebSecurity	message:You are asking Spring Security to ignore Ant [pattern='/resources/**']. This is not recommended -- please use permitAll via HttpSecurity#authorizeHttpRequests instead.
date:2026-04-02 14:31:16	thread:main	X-Track:	level:INFO 	logger:o.springframework.web.servlet.DispatcherServlet 	message:Initializing Servlet 'appServlet'
date:2026-04-02 14:31:16	thread:main	X-Track:	level:TRACE	logger:o.s.w.s.m.m.a.RequestMappingHandlerMapping      	message:
  	c.e.t.a.a.c.e.CommonErrorController:
  	{ [/common/error/transactionTokenError]}: transactionTokenError()
  	{ [/common/error/resourceNotFoundError]}: resourceNotFoundError()
  	{ [/common/error/missingCsrfTokenError]}: missingCsrfTokenError()
  	{ [/common/error/invalidCsrfTokenError]}: invalidCsrfTokenError()
  	{ [/common/error/dataAccessError]}: dataAccessError()
  	{ [/common/error/businessError]}: businessError()
  	{ [/common/error/systemError]}: systemError()
  	{ [/common/error/accessDeniedError]}: accessDeniedError()
date:2026-04-02 14:31:16	thread:main	X-Track:	level:TRACE	logger:o.s.w.s.m.m.a.RequestMappingHandlerMapping      	message:
  	c.e.t.a.a.e.EmployeeSearchController:
  	{GET [/employee/search]}: search(EmployeeSearchForm,BindingResult,int,int,Model)
  	{GET [/]}: home()
  	{POST [/employee/detail/{employeeId}/update]}: updateEmployee(Integer,String,Integer,String,String,String,int,int,String,String,Integer,String,String,String)
  	{GET [/employee/detail/{employeeId}]}: detail(Integer,int,int,String,String,Integer,String,String,String,Model)
date:2026-04-02 14:31:16	thread:main	X-Track:	level:TRACE	logger:o.s.w.s.m.m.a.RequestMappingHandlerMapping      	message:
  	c.e.t.a.a.w.HelloController:
  	{GET [/hello]}: home(Locale,Model)
date:2026-04-02 14:31:16	thread:main	X-Track:	level:DEBUG	logger:o.s.w.s.m.m.a.RequestMappingHandlerMapping      	message:13 mappings in 'requestMappingHandlerMapping'
date:2026-04-02 14:31:17	thread:main	X-Track:	level:INFO 	logger:o.springframework.web.servlet.DispatcherServlet 	message:Completed initialization in 1405 ms
date:2026-04-02 15:40:22	thread:main	X-Track:	level:WARN 	logger:o.s.w.c.s.AnnotationConfigWebApplicationContext 	message:Exception encountered during context initialization - cancelling refresh attempt: org.springframework.beans.factory.BeanCreationException: Error creating bean with name 'dataSourceInitializer' defined in com.example.terasoluna.app.config.app.TerasolunaAppInfraConfig: Failed to execute SQL script statement #1 of class path resource [db/schema-h2.sql]: CREATE TABLE IF NOT EXISTS employee ( employee_id VARCHAR(10) PRIMARY KEY, name VARCHAR(50) NOT NULL, age INTEGER NOT NULL, birthday VARCHAR(30) NOT NULL, address VARCHAR(200) NOT NULL, phone VARCHAR(20) NOT NULL )
date:2026-04-02 15:40:22	thread:main	X-Track:	level:ERROR	logger:org.springframework.web.context.ContextLoader   	message:Context initialization failed
org.springframework.beans.factory.BeanCreationException: Error creating bean with name 'dataSourceInitializer' defined in com.example.terasoluna.app.config.app.TerasolunaAppInfraConfig: Failed to execute SQL script statement #1 of class path resource [db/schema-h2.sql]: CREATE TABLE IF NOT EXISTS employee ( employee_id VARCHAR(10) PRIMARY KEY, name VARCHAR(50) NOT NULL, age INTEGER NOT NULL, birthday VARCHAR(30) NOT NULL, address VARCHAR(200) NOT NULL, phone VARCHAR(20) NOT NULL )
  	at org.springframework.beans.factory.support.AbstractAutowireCapableBeanFactory.initializeBean(AbstractAutowireCapableBeanFactory.java:1808)
  	at org.springframework.beans.factory.support.AbstractAutowireCapableBeanFactory.doCreateBean(AbstractAutowireCapableBeanFactory.java:601)
  	at org.springframework.beans.factory.support.AbstractAutowireCapableBeanFactory.createBean(AbstractAutowireCapableBeanFactory.java:523)
  	at org.springframework.beans.factory.support.AbstractBeanFactory.lambda$doGetBean$0(AbstractBeanFactory.java:336)
  	at org.springframework.beans.factory.support.DefaultSingletonBeanRegistry.getSingleton(DefaultSingletonBeanRegistry.java:289)
  	at org.springframework.beans.factory.support.AbstractBeanFactory.doGetBean(AbstractBeanFactory.java:334)
  	at org.springframework.beans.factory.support.AbstractBeanFactory.getBean(AbstractBeanFactory.java:199)
  	at org.springframework.beans.factory.support.DefaultListableBeanFactory.instantiateSingleton(DefaultListableBeanFactory.java:1122)
  	at org.springframework.beans.factory.support.DefaultListableBeanFactory.preInstantiateSingleton(DefaultListableBeanFactory.java:1093)
  	at org.springframework.beans.factory.support.DefaultListableBeanFactory.preInstantiateSingletons(DefaultListableBeanFactory.java:1030)
  	at org.springframework.context.support.AbstractApplicationContext.finishBeanFactoryInitialization(AbstractApplicationContext.java:987)
  	at org.springframework.context.support.AbstractApplicationContext.refresh(AbstractApplicationContext.java:627)
  	at org.springframework.web.context.ContextLoader.configureAndRefreshWebApplicationContext(ContextLoader.java:394)
  	at org.springframework.web.context.ContextLoader.initWebApplicationContext(ContextLoader.java:274)
  	at org.springframework.web.context.ContextLoaderListener.contextInitialized(ContextLoaderListener.java:126)
  	at org.apache.catalina.core.StandardContext.listenerStart(StandardContext.java:4422)
  	at org.apache.catalina.core.StandardContext.startInternal(StandardContext.java:4860)
  	at org.apache.catalina.util.LifecycleBase.start(LifecycleBase.java:171)
  	at org.apache.catalina.core.ContainerBase$StartChild.call(ContainerBase.java:1332)
  	at org.apache.catalina.core.ContainerBase$StartChild.call(ContainerBase.java:1322)
  	at java.base/java.util.concurrent.FutureTask.run(FutureTask.java:317)
  	at org.apache.tomcat.util.threads.InlineExecutorService.execute(InlineExecutorService.java:75)
  	at java.base/java.util.concurrent.AbstractExecutorService.submit(AbstractExecutorService.java:145)
  	at org.apache.catalina.core.ContainerBase.startInternal(ContainerBase.java:866)
  	at org.apache.catalina.core.StandardHost.startInternal(StandardHost.java:845)
  	at org.apache.catalina.util.LifecycleBase.start(LifecycleBase.java:171)
  	at org.apache.catalina.core.ContainerBase$StartChild.call(ContainerBase.java:1332)
  	at org.apache.catalina.core.ContainerBase$StartChild.call(ContainerBase.java:1322)
  	at java.base/java.util.concurrent.FutureTask.run(FutureTask.java:317)
  	at org.apache.tomcat.util.threads.InlineExecutorService.execute(InlineExecutorService.java:75)
  	at java.base/java.util.concurrent.AbstractExecutorService.submit(AbstractExecutorService.java:145)
  	at org.apache.catalina.core.ContainerBase.startInternal(ContainerBase.java:866)
  	at org.apache.catalina.core.StandardEngine.startInternal(StandardEngine.java:240)
  	at org.apache.catalina.util.LifecycleBase.start(LifecycleBase.java:171)
  	at org.apache.catalina.core.StandardService.startInternal(StandardService.java:433)
  	at org.apache.catalina.util.LifecycleBase.start(LifecycleBase.java:171)
  	at org.apache.catalina.core.StandardServer.startInternal(StandardServer.java:917)
  	at org.apache.catalina.util.LifecycleBase.start(LifecycleBase.java:171)
  	at org.apache.catalina.startup.Catalina.start(Catalina.java:795)
  	at java.base/jdk.internal.reflect.DirectMethodHandleAccessor.invoke(DirectMethodHandleAccessor.java:103)
  	at java.base/java.lang.reflect.Method.invoke(Method.java:580)
  	at org.apache.catalina.startup.Bootstrap.start(Bootstrap.java:347)
  	at org.apache.catalina.startup.Bootstrap.main(Bootstrap.java:478)
  Caused by: org.springframework.jdbc.datasource.init.ScriptStatementFailedException: Failed to execute SQL script statement #1 of class path resource [db/schema-h2.sql]: CREATE TABLE IF NOT EXISTS employee ( employee_id VARCHAR(10) PRIMARY KEY, name VARCHAR(50) NOT NULL, age INTEGER NOT NULL, birthday VARCHAR(30) NOT NULL, address VARCHAR(200) NOT NULL, phone VARCHAR(20) NOT NULL )
  	at org.springframework.jdbc.datasource.init.ScriptUtils.executeSqlScript(ScriptUtils.java:282)
  	at org.springframework.jdbc.datasource.init.ResourceDatabasePopulator.populate(ResourceDatabasePopulator.java:254)
  	at org.springframework.jdbc.datasource.init.DatabasePopulatorUtils.execute(DatabasePopulatorUtils.java:54)
  	at org.springframework.jdbc.datasource.init.DataSourceInitializer.execute(DataSourceInitializer.java:112)
  	at org.springframework.jdbc.datasource.init.DataSourceInitializer.afterPropertiesSet(DataSourceInitializer.java:97)
  	at org.springframework.beans.factory.support.AbstractAutowireCapableBeanFactory.invokeInitMethods(AbstractAutowireCapableBeanFactory.java:1855)
  	at org.springframework.beans.factory.support.AbstractAutowireCapableBeanFactory.initializeBean(AbstractAutowireCapableBeanFactory.java:1804)
  	... 42 common frames omitted
  Caused by: java.sql.SQLSyntaxErrorException: ORA-00922: オプション指定されていないか、または無効です。
  
  https://docs.oracle.com/error-help/db/ora-00922/
  	at oracle.jdbc.driver.T4CTTIoer11.processError(T4CTTIoer11.java:712)
  	at oracle.jdbc.driver.T4CTTIoer11.processError(T4CTTIoer11.java:612)
  	at oracle.jdbc.driver.T4C8Oall.processError(T4C8Oall.java:1364)
  	at oracle.jdbc.driver.T4CTTIfun.receive(T4CTTIfun.java:969)
  	at oracle.jdbc.driver.T4CTTIfun.doRPC(T4CTTIfun.java:237)
  	at oracle.jdbc.driver.T4C8Oall.doOALL(T4C8Oall.java:516)
  	at oracle.jdbc.driver.T4CStatement.doOall8(T4CStatement.java:191)
  	at oracle.jdbc.driver.T4CStatement.executeForRows(T4CStatement.java:1400)
  	at oracle.jdbc.driver.OracleStatement.executeSQLStatement(OracleStatement.java:2009)
  	at oracle.jdbc.driver.OracleStatement.doExecuteWithTimeout(OracleStatement.java:1622)
  	at oracle.jdbc.driver.OracleStatement.executeInternal(OracleStatement.java:2687)
  	at oracle.jdbc.driver.OracleStatement.execute(OracleStatement.java:2636)
  	at oracle.jdbc.driver.OracleStatementWrapper.execute(OracleStatementWrapper.java:337)
  	at org.springframework.jdbc.datasource.init.ScriptUtils.executeSqlScript(ScriptUtils.java:261)
  	... 48 common frames omitted
  Caused by: oracle.jdbc.OracleDatabaseException: ORA-00922: オプション指定されていないか、または無効です。
  
  	at oracle.jdbc.driver.T4CTTIoer11.processError(T4CTTIoer11.java:720)
  	... 61 common frames omitted
date:2026-04-02 15:45:35	thread:main	X-Track:	level:WARN 	logger:o.s.w.c.s.AnnotationConfigWebApplicationContext 	message:Exception encountered during context initialization - cancelling refresh attempt: org.springframework.beans.factory.BeanCreationException: Error creating bean with name 'dataSourceInitializer' defined in com.example.terasoluna.app.config.app.TerasolunaAppInfraConfig: DataSource must be set
date:2026-04-02 15:45:35	thread:main	X-Track:	level:ERROR	logger:org.springframework.web.context.ContextLoader   	message:Context initialization failed
org.springframework.beans.factory.BeanCreationException: Error creating bean with name 'dataSourceInitializer' defined in com.example.terasoluna.app.config.app.TerasolunaAppInfraConfig: DataSource must be set
  	at org.springframework.beans.factory.support.AbstractAutowireCapableBeanFactory.initializeBean(AbstractAutowireCapableBeanFactory.java:1808)
  	at org.springframework.beans.factory.support.AbstractAutowireCapableBeanFactory.doCreateBean(AbstractAutowireCapableBeanFactory.java:601)
  	at org.springframework.beans.factory.support.AbstractAutowireCapableBeanFactory.createBean(AbstractAutowireCapableBeanFactory.java:523)
  	at org.springframework.beans.factory.support.AbstractBeanFactory.lambda$doGetBean$0(AbstractBeanFactory.java:336)
  	at org.springframework.beans.factory.support.DefaultSingletonBeanRegistry.getSingleton(DefaultSingletonBeanRegistry.java:289)
  	at org.springframework.beans.factory.support.AbstractBeanFactory.doGetBean(AbstractBeanFactory.java:334)
  	at org.springframework.beans.factory.support.AbstractBeanFactory.getBean(AbstractBeanFactory.java:199)
  	at org.springframework.beans.factory.support.DefaultListableBeanFactory.instantiateSingleton(DefaultListableBeanFactory.java:1122)
  	at org.springframework.beans.factory.support.DefaultListableBeanFactory.preInstantiateSingleton(DefaultListableBeanFactory.java:1093)
  	at org.springframework.beans.factory.support.DefaultListableBeanFactory.preInstantiateSingletons(DefaultListableBeanFactory.java:1030)
  	at org.springframework.context.support.AbstractApplicationContext.finishBeanFactoryInitialization(AbstractApplicationContext.java:987)
  	at org.springframework.context.support.AbstractApplicationContext.refresh(AbstractApplicationContext.java:627)
  	at org.springframework.web.context.ContextLoader.configureAndRefreshWebApplicationContext(ContextLoader.java:394)
  	at org.springframework.web.context.ContextLoader.initWebApplicationContext(ContextLoader.java:274)
  	at org.springframework.web.context.ContextLoaderListener.contextInitialized(ContextLoaderListener.java:126)
  	at org.apache.catalina.core.StandardContext.listenerStart(StandardContext.java:4422)
  	at org.apache.catalina.core.StandardContext.startInternal(StandardContext.java:4860)
  	at org.apache.catalina.util.LifecycleBase.start(LifecycleBase.java:171)
  	at org.apache.catalina.core.ContainerBase.addChildInternal(ContainerBase.java:683)
  	at org.apache.catalina.core.ContainerBase.addChild(ContainerBase.java:658)
  	at org.apache.catalina.core.StandardHost.addChild(StandardHost.java:712)
  	at org.apache.catalina.startup.HostConfig.deployWAR(HostConfig.java:975)
  	at org.apache.catalina.startup.HostConfig$DeployWar.run(HostConfig.java:1952)
  	at java.base/java.util.concurrent.Executors$RunnableAdapter.call(Executors.java:572)
  	at java.base/java.util.concurrent.FutureTask.run(FutureTask.java:317)
  	at org.apache.tomcat.util.threads.InlineExecutorService.execute(InlineExecutorService.java:75)
  	at java.base/java.util.concurrent.AbstractExecutorService.submit(AbstractExecutorService.java:123)
  	at org.apache.catalina.startup.HostConfig.deployWARs(HostConfig.java:776)
  	at org.apache.catalina.startup.HostConfig.deployApps(HostConfig.java:426)
  	at org.apache.catalina.startup.HostConfig.start(HostConfig.java:1659)
  	at org.apache.catalina.startup.HostConfig.lifecycleEvent(HostConfig.java:309)
  	at org.apache.catalina.util.LifecycleBase.fireLifecycleEvent(LifecycleBase.java:114)
  	at org.apache.catalina.util.LifecycleBase.setStateInternal(LifecycleBase.java:402)
  	at org.apache.catalina.util.LifecycleBase.setState(LifecycleBase.java:345)
  	at org.apache.catalina.core.ContainerBase.startInternal(ContainerBase.java:893)
  	at org.apache.catalina.core.StandardHost.startInternal(StandardHost.java:845)
  	at org.apache.catalina.util.LifecycleBase.start(LifecycleBase.java:171)
  	at org.apache.catalina.core.ContainerBase$StartChild.call(ContainerBase.java:1332)
  	at org.apache.catalina.core.ContainerBase$StartChild.call(ContainerBase.java:1322)
  	at java.base/java.util.concurrent.FutureTask.run(FutureTask.java:317)
  	at org.apache.tomcat.util.threads.InlineExecutorService.execute(InlineExecutorService.java:75)
  	at java.base/java.util.concurrent.AbstractExecutorService.submit(AbstractExecutorService.java:145)
  	at org.apache.catalina.core.ContainerBase.startInternal(ContainerBase.java:866)
  	at org.apache.catalina.core.StandardEngine.startInternal(StandardEngine.java:240)
  	at org.apache.catalina.util.LifecycleBase.start(LifecycleBase.java:171)
  	at org.apache.catalina.core.StandardService.startInternal(StandardService.java:433)
  	at org.apache.catalina.util.LifecycleBase.start(LifecycleBase.java:171)
  	at org.apache.catalina.core.StandardServer.startInternal(StandardServer.java:917)
  	at org.apache.catalina.util.LifecycleBase.start(LifecycleBase.java:171)
  	at org.apache.catalina.startup.Catalina.start(Catalina.java:795)
  	at java.base/jdk.internal.reflect.DirectMethodHandleAccessor.invoke(DirectMethodHandleAccessor.java:103)
  	at java.base/java.lang.reflect.Method.invoke(Method.java:580)
  	at org.apache.catalina.startup.Bootstrap.start(Bootstrap.java:347)
  	at org.apache.catalina.startup.Bootstrap.main(Bootstrap.java:478)
  Caused by: java.lang.IllegalStateException: DataSource must be set
  	at org.springframework.util.Assert.state(Assert.java:79)
  	at org.springframework.jdbc.datasource.init.DataSourceInitializer.execute(DataSourceInitializer.java:110)
  	at org.springframework.jdbc.datasource.init.DataSourceInitializer.afterPropertiesSet(DataSourceInitializer.java:97)
  	at org.springframework.beans.factory.support.AbstractAutowireCapableBeanFactory.invokeInitMethods(AbstractAutowireCapableBeanFactory.java:1855)
  	at org.springframework.beans.factory.support.AbstractAutowireCapableBeanFactory.initializeBean(AbstractAutowireCapableBeanFactory.java:1804)
  	... 53 common frames omitted
date:2026-04-02 15:51:26	thread:main	X-Track:	level:WARN 	logger:o.s.w.c.s.AnnotationConfigWebApplicationContext 	message:Exception encountered during context initialization - cancelling refresh attempt: org.springframework.beans.factory.BeanCreationException: Error creating bean with name 'dataSourceInitializer' defined in com.example.terasoluna.app.config.app.TerasolunaAppInfraConfig: DataSource must be set
date:2026-04-02 15:51:26	thread:main	X-Track:	level:ERROR	logger:org.springframework.web.context.ContextLoader   	message:Context initialization failed
org.springframework.beans.factory.BeanCreationException: Error creating bean with name 'dataSourceInitializer' defined in com.example.terasoluna.app.config.app.TerasolunaAppInfraConfig: DataSource must be set
  	at org.springframework.beans.factory.support.AbstractAutowireCapableBeanFactory.initializeBean(AbstractAutowireCapableBeanFactory.java:1808)
  	at org.springframework.beans.factory.support.AbstractAutowireCapableBeanFactory.doCreateBean(AbstractAutowireCapableBeanFactory.java:601)
  	at org.springframework.beans.factory.support.AbstractAutowireCapableBeanFactory.createBean(AbstractAutowireCapableBeanFactory.java:523)
  	at org.springframework.beans.factory.support.AbstractBeanFactory.lambda$doGetBean$0(AbstractBeanFactory.java:336)
  	at org.springframework.beans.factory.support.DefaultSingletonBeanRegistry.getSingleton(DefaultSingletonBeanRegistry.java:289)
  	at org.springframework.beans.factory.support.AbstractBeanFactory.doGetBean(AbstractBeanFactory.java:334)
  	at org.springframework.beans.factory.support.AbstractBeanFactory.getBean(AbstractBeanFactory.java:199)
  	at org.springframework.beans.factory.support.DefaultListableBeanFactory.instantiateSingleton(DefaultListableBeanFactory.java:1122)
  	at org.springframework.beans.factory.support.DefaultListableBeanFactory.preInstantiateSingleton(DefaultListableBeanFactory.java:1093)
  	at org.springframework.beans.factory.support.DefaultListableBeanFactory.preInstantiateSingletons(DefaultListableBeanFactory.java:1030)
  	at org.springframework.context.support.AbstractApplicationContext.finishBeanFactoryInitialization(AbstractApplicationContext.java:987)
  	at org.springframework.context.support.AbstractApplicationContext.refresh(AbstractApplicationContext.java:627)
  	at org.springframework.web.context.ContextLoader.configureAndRefreshWebApplicationContext(ContextLoader.java:394)
  	at org.springframework.web.context.ContextLoader.initWebApplicationContext(ContextLoader.java:274)
  	at org.springframework.web.context.ContextLoaderListener.contextInitialized(ContextLoaderListener.java:126)
  	at org.apache.catalina.core.StandardContext.listenerStart(StandardContext.java:4422)
  	at org.apache.catalina.core.StandardContext.startInternal(StandardContext.java:4860)
  	at org.apache.catalina.util.LifecycleBase.start(LifecycleBase.java:171)
  	at org.apache.catalina.core.ContainerBase.addChildInternal(ContainerBase.java:683)
  	at org.apache.catalina.core.ContainerBase.addChild(ContainerBase.java:658)
  	at org.apache.catalina.core.StandardHost.addChild(StandardHost.java:712)
  	at org.apache.catalina.startup.HostConfig.deployWAR(HostConfig.java:975)
  	at org.apache.catalina.startup.HostConfig$DeployWar.run(HostConfig.java:1952)
  	at java.base/java.util.concurrent.Executors$RunnableAdapter.call(Executors.java:572)
  	at java.base/java.util.concurrent.FutureTask.run(FutureTask.java:317)
  	at org.apache.tomcat.util.threads.InlineExecutorService.execute(InlineExecutorService.java:75)
  	at java.base/java.util.concurrent.AbstractExecutorService.submit(AbstractExecutorService.java:123)
  	at org.apache.catalina.startup.HostConfig.deployWARs(HostConfig.java:776)
  	at org.apache.catalina.startup.HostConfig.deployApps(HostConfig.java:426)
  	at org.apache.catalina.startup.HostConfig.start(HostConfig.java:1659)
  	at org.apache.catalina.startup.HostConfig.lifecycleEvent(HostConfig.java:309)
  	at org.apache.catalina.util.LifecycleBase.fireLifecycleEvent(LifecycleBase.java:114)
  	at org.apache.catalina.util.LifecycleBase.setStateInternal(LifecycleBase.java:402)
  	at org.apache.catalina.util.LifecycleBase.setState(LifecycleBase.java:345)
  	at org.apache.catalina.core.ContainerBase.startInternal(ContainerBase.java:893)
  	at org.apache.catalina.core.StandardHost.startInternal(StandardHost.java:845)
  	at org.apache.catalina.util.LifecycleBase.start(LifecycleBase.java:171)
  	at org.apache.catalina.core.ContainerBase$StartChild.call(ContainerBase.java:1332)
  	at org.apache.catalina.core.ContainerBase$StartChild.call(ContainerBase.java:1322)
  	at java.base/java.util.concurrent.FutureTask.run(FutureTask.java:317)
  	at org.apache.tomcat.util.threads.InlineExecutorService.execute(InlineExecutorService.java:75)
  	at java.base/java.util.concurrent.AbstractExecutorService.submit(AbstractExecutorService.java:145)
  	at org.apache.catalina.core.ContainerBase.startInternal(ContainerBase.java:866)
  	at org.apache.catalina.core.StandardEngine.startInternal(StandardEngine.java:240)
  	at org.apache.catalina.util.LifecycleBase.start(LifecycleBase.java:171)
  	at org.apache.catalina.core.StandardService.startInternal(StandardService.java:433)
  	at org.apache.catalina.util.LifecycleBase.start(LifecycleBase.java:171)
  	at org.apache.catalina.core.StandardServer.startInternal(StandardServer.java:917)
  	at org.apache.catalina.util.LifecycleBase.start(LifecycleBase.java:171)
  	at org.apache.catalina.startup.Catalina.start(Catalina.java:795)
  	at java.base/jdk.internal.reflect.DirectMethodHandleAccessor.invoke(DirectMethodHandleAccessor.java:103)
  	at java.base/java.lang.reflect.Method.invoke(Method.java:580)
  	at org.apache.catalina.startup.Bootstrap.start(Bootstrap.java:347)
  	at org.apache.catalina.startup.Bootstrap.main(Bootstrap.java:478)
  Caused by: java.lang.IllegalStateException: DataSource must be set
  	at org.springframework.util.Assert.state(Assert.java:79)
  	at org.springframework.jdbc.datasource.init.DataSourceInitializer.execute(DataSourceInitializer.java:110)
  	at org.springframework.jdbc.datasource.init.DataSourceInitializer.afterPropertiesSet(DataSourceInitializer.java:97)
  	at org.springframework.beans.factory.support.AbstractAutowireCapableBeanFactory.invokeInitMethods(AbstractAutowireCapableBeanFactory.java:1855)
  	at org.springframework.beans.factory.support.AbstractAutowireCapableBeanFactory.initializeBean(AbstractAutowireCapableBeanFactory.java:1804)
  	... 53 common frames omitted
date:2026-04-02 15:52:35	thread:main	X-Track:	level:WARN 	logger:o.s.w.c.s.AnnotationConfigWebApplicationContext 	message:Exception encountered during context initialization - cancelling refresh attempt: org.springframework.beans.factory.BeanCreationException: Error creating bean with name 'dataSourceInitializer' defined in com.example.terasoluna.app.config.app.TerasolunaAppInfraConfig: DataSource must be set
date:2026-04-02 15:52:35	thread:main	X-Track:	level:ERROR	logger:org.springframework.web.context.ContextLoader   	message:Context initialization failed
org.springframework.beans.factory.BeanCreationException: Error creating bean with name 'dataSourceInitializer' defined in com.example.terasoluna.app.config.app.TerasolunaAppInfraConfig: DataSource must be set
  	at org.springframework.beans.factory.support.AbstractAutowireCapableBeanFactory.initializeBean(AbstractAutowireCapableBeanFactory.java:1808)
  	at org.springframework.beans.factory.support.AbstractAutowireCapableBeanFactory.doCreateBean(AbstractAutowireCapableBeanFactory.java:601)
  	at org.springframework.beans.factory.support.AbstractAutowireCapableBeanFactory.createBean(AbstractAutowireCapableBeanFactory.java:523)
  	at org.springframework.beans.factory.support.AbstractBeanFactory.lambda$doGetBean$0(AbstractBeanFactory.java:336)
  	at org.springframework.beans.factory.support.DefaultSingletonBeanRegistry.getSingleton(DefaultSingletonBeanRegistry.java:289)
  	at org.springframework.beans.factory.support.AbstractBeanFactory.doGetBean(AbstractBeanFactory.java:334)
  	at org.springframework.beans.factory.support.AbstractBeanFactory.getBean(AbstractBeanFactory.java:199)
  	at org.springframework.beans.factory.support.DefaultListableBeanFactory.instantiateSingleton(DefaultListableBeanFactory.java:1122)
  	at org.springframework.beans.factory.support.DefaultListableBeanFactory.preInstantiateSingleton(DefaultListableBeanFactory.java:1093)
  	at org.springframework.beans.factory.support.DefaultListableBeanFactory.preInstantiateSingletons(DefaultListableBeanFactory.java:1030)
  	at org.springframework.context.support.AbstractApplicationContext.finishBeanFactoryInitialization(AbstractApplicationContext.java:987)
  	at org.springframework.context.support.AbstractApplicationContext.refresh(AbstractApplicationContext.java:627)
  	at org.springframework.web.context.ContextLoader.configureAndRefreshWebApplicationContext(ContextLoader.java:394)
  	at org.springframework.web.context.ContextLoader.initWebApplicationContext(ContextLoader.java:274)
  	at org.springframework.web.context.ContextLoaderListener.contextInitialized(ContextLoaderListener.java:126)
  	at org.apache.catalina.core.StandardContext.listenerStart(StandardContext.java:4422)
  	at org.apache.catalina.core.StandardContext.startInternal(StandardContext.java:4860)
  	at org.apache.catalina.util.LifecycleBase.start(LifecycleBase.java:171)
  	at org.apache.catalina.core.ContainerBase.addChildInternal(ContainerBase.java:683)
  	at org.apache.catalina.core.ContainerBase.addChild(ContainerBase.java:658)
  	at org.apache.catalina.core.StandardHost.addChild(StandardHost.java:712)
  	at org.apache.catalina.startup.HostConfig.deployWAR(HostConfig.java:975)
  	at org.apache.catalina.startup.HostConfig$DeployWar.run(HostConfig.java:1952)
  	at java.base/java.util.concurrent.Executors$RunnableAdapter.call(Executors.java:572)
  	at java.base/java.util.concurrent.FutureTask.run(FutureTask.java:317)
  	at org.apache.tomcat.util.threads.InlineExecutorService.execute(InlineExecutorService.java:75)
  	at java.base/java.util.concurrent.AbstractExecutorService.submit(AbstractExecutorService.java:123)
  	at org.apache.catalina.startup.HostConfig.deployWARs(HostConfig.java:776)
  	at org.apache.catalina.startup.HostConfig.deployApps(HostConfig.java:426)
  	at org.apache.catalina.startup.HostConfig.start(HostConfig.java:1659)
  	at org.apache.catalina.startup.HostConfig.lifecycleEvent(HostConfig.java:309)
  	at org.apache.catalina.util.LifecycleBase.fireLifecycleEvent(LifecycleBase.java:114)
  	at org.apache.catalina.util.LifecycleBase.setStateInternal(LifecycleBase.java:402)
  	at org.apache.catalina.util.LifecycleBase.setState(LifecycleBase.java:345)
  	at org.apache.catalina.core.ContainerBase.startInternal(ContainerBase.java:893)
  	at org.apache.catalina.core.StandardHost.startInternal(StandardHost.java:845)
  	at org.apache.catalina.util.LifecycleBase.start(LifecycleBase.java:171)
  	at org.apache.catalina.core.ContainerBase$StartChild.call(ContainerBase.java:1332)
  	at org.apache.catalina.core.ContainerBase$StartChild.call(ContainerBase.java:1322)
  	at java.base/java.util.concurrent.FutureTask.run(FutureTask.java:317)
  	at org.apache.tomcat.util.threads.InlineExecutorService.execute(InlineExecutorService.java:75)
  	at java.base/java.util.concurrent.AbstractExecutorService.submit(AbstractExecutorService.java:145)
  	at org.apache.catalina.core.ContainerBase.startInternal(ContainerBase.java:866)
  	at org.apache.catalina.core.StandardEngine.startInternal(StandardEngine.java:240)
  	at org.apache.catalina.util.LifecycleBase.start(LifecycleBase.java:171)
  	at org.apache.catalina.core.StandardService.startInternal(StandardService.java:433)
  	at org.apache.catalina.util.LifecycleBase.start(LifecycleBase.java:171)
  	at org.apache.catalina.core.StandardServer.startInternal(StandardServer.java:917)
  	at org.apache.catalina.util.LifecycleBase.start(LifecycleBase.java:171)
  	at org.apache.catalina.startup.Catalina.start(Catalina.java:795)
  	at java.base/jdk.internal.reflect.DirectMethodHandleAccessor.invoke(DirectMethodHandleAccessor.java:103)
  	at java.base/java.lang.reflect.Method.invoke(Method.java:580)
  	at org.apache.catalina.startup.Bootstrap.start(Bootstrap.java:347)
  	at org.apache.catalina.startup.Bootstrap.main(Bootstrap.java:478)
  Caused by: java.lang.IllegalStateException: DataSource must be set
  	at org.springframework.util.Assert.state(Assert.java:79)
  	at org.springframework.jdbc.datasource.init.DataSourceInitializer.execute(DataSourceInitializer.java:110)
  	at org.springframework.jdbc.datasource.init.DataSourceInitializer.afterPropertiesSet(DataSourceInitializer.java:97)
  	at org.springframework.beans.factory.support.AbstractAutowireCapableBeanFactory.invokeInitMethods(AbstractAutowireCapableBeanFactory.java:1855)
  	at org.springframework.beans.factory.support.AbstractAutowireCapableBeanFactory.initializeBean(AbstractAutowireCapableBeanFactory.java:1804)
  	... 53 common frames omitted
date:2026-04-02 15:56:46	thread:main	X-Track:	level:WARN 	logger:o.s.s.config.annotation.web.builders.WebSecurity	message:You are asking Spring Security to ignore Ant [pattern='/resources/**']. This is not recommended -- please use permitAll via HttpSecurity#authorizeHttpRequests instead.
date:2026-04-02 15:56:46	thread:main	X-Track:	level:INFO 	logger:o.springframework.web.servlet.DispatcherServlet 	message:Initializing Servlet 'appServlet'
date:2026-04-02 15:56:47	thread:main	X-Track:	level:TRACE	logger:o.s.w.s.m.m.a.RequestMappingHandlerMapping      	message:
  	c.e.t.a.a.c.e.CommonErrorController:
  	{ [/common/error/accessDeniedError]}: accessDeniedError()
  	{ [/common/error/dataAccessError]}: dataAccessError()
  	{ [/common/error/systemError]}: systemError()
  	{ [/common/error/businessError]}: businessError()
  	{ [/common/error/invalidCsrfTokenError]}: invalidCsrfTokenError()
  	{ [/common/error/missingCsrfTokenError]}: missingCsrfTokenError()
  	{ [/common/error/resourceNotFoundError]}: resourceNotFoundError()
  	{ [/common/error/transactionTokenError]}: transactionTokenError()
date:2026-04-02 15:56:47	thread:main	X-Track:	level:TRACE	logger:o.s.w.s.m.m.a.RequestMappingHandlerMapping      	message:
  	c.e.t.a.a.e.EmployeeSearchController:
  	{GET [/employee/search]}: search(EmployeeSearchForm,BindingResult,int,int,Model)
  	{GET [/]}: home()
date:2026-04-02 15:56:47	thread:main	X-Track:	level:TRACE	logger:o.s.w.s.m.m.a.RequestMappingHandlerMapping      	message:
  	c.e.t.a.a.w.HelloController:
  	{GET [/hello]}: home(Locale,Model)
date:2026-04-02 15:56:47	thread:main	X-Track:	level:DEBUG	logger:o.s.w.s.m.m.a.RequestMappingHandlerMapping      	message:11 mappings in 'requestMappingHandlerMapping'
date:2026-04-02 15:56:49	thread:main	X-Track:	level:INFO 	logger:o.springframework.web.servlet.DispatcherServlet 	message:Completed initialization in 2585 ms
date:2026-04-02 15:57:01	thread:http-nio-8080-exec-2	X-Track:5b87232123a1417fb10a697f3d491b2d	level:TRACE	logger:o.s.w.s.m.m.a.RequestMappingHandlerMapping      	message:Mapped to com.example.terasoluna.app.app.employee.EmployeeSearchController#search(EmployeeSearchForm, BindingResult, int, int, Model)
date:2026-04-02 15:57:01	thread:http-nio-8080-exec-2	X-Track:5b87232123a1417fb10a697f3d491b2d	level:TRACE	logger:o.t.gfw.web.logging.TraceLoggingInterceptor     	message:[START CONTROLLER] EmployeeSearchController.search(EmployeeSearchForm,BindingResult,int,int,Model)
date:2026-04-02 15:57:02	thread:http-nio-8080-exec-2	X-Track:5b87232123a1417fb10a697f3d491b2d	level:DEBUG	logger:c.e.t.app.domain.repository.EmployeeMapper.count	message:==>  Preparing: SELECT COUNT(*) FROM EMPLOYEE WHERE 1 = 1
date:2026-04-02 15:57:02	thread:http-nio-8080-exec-2	X-Track:5b87232123a1417fb10a697f3d491b2d	level:DEBUG	logger:c.e.t.app.domain.repository.EmployeeMapper.count	message:==> Parameters: 
date:2026-04-02 15:57:02	thread:http-nio-8080-exec-2	X-Track:5b87232123a1417fb10a697f3d491b2d	level:TRACE	logger:c.e.t.app.domain.repository.EmployeeMapper.count	message:<==    Columns: COUNT(*)
date:2026-04-02 15:57:03	thread:http-nio-8080-exec-2	X-Track:5b87232123a1417fb10a697f3d491b2d	level:TRACE	logger:c.e.t.app.domain.repository.EmployeeMapper.count	message:<==        Row: 20
date:2026-04-02 15:57:03	thread:http-nio-8080-exec-2	X-Track:5b87232123a1417fb10a697f3d491b2d	level:DEBUG	logger:c.e.t.app.domain.repository.EmployeeMapper.count	message:<==      Total: 1
date:2026-04-02 15:57:03	thread:http-nio-8080-exec-2	X-Track:5b87232123a1417fb10a697f3d491b2d	level:DEBUG	logger:c.e.t.a.domain.repository.EmployeeMapper.search 	message:==>  Preparing: SELECT EMPLOYEEID, NAME, AGE, BIRTH, ADDRESS, PHONENUMBER FROM EMPLOYEE WHERE 1 = 1 ORDER BY EMPLOYEEID OFFSET ? ROWS FETCH NEXT ? ROWS ONLY
date:2026-04-02 15:57:03	thread:http-nio-8080-exec-2	X-Track:5b87232123a1417fb10a697f3d491b2d	level:DEBUG	logger:c.e.t.a.domain.repository.EmployeeMapper.search 	message:==> Parameters: 0(Integer), 5(Integer)
date:2026-04-02 15:57:03	thread:http-nio-8080-exec-2	X-Track:5b87232123a1417fb10a697f3d491b2d	level:TRACE	logger:c.e.t.a.domain.repository.EmployeeMapper.search 	message:<==    Columns: EMPLOYEEID, NAME, AGE, BIRTH, ADDRESS, PHONENUMBER
date:2026-04-02 15:57:03	thread:http-nio-8080-exec-2	X-Track:5b87232123a1417fb10a697f3d491b2d	level:TRACE	logger:c.e.t.a.domain.repository.EmployeeMapper.search 	message:<==        Row: 100001, 佐藤 太郎, 25, 1999/01/01, 東京都新宿区, 0900000001
date:2026-04-02 15:57:03	thread:http-nio-8080-exec-2	X-Track:5b87232123a1417fb10a697f3d491b2d	level:TRACE	logger:c.e.t.a.domain.repository.EmployeeMapper.search 	message:<==        Row: 100002, 鈴木 一郎, 26, 1998/02/02, 大阪府大阪市, 0900000002
date:2026-04-02 15:57:03	thread:http-nio-8080-exec-2	X-Track:5b87232123a1417fb10a697f3d491b2d	level:TRACE	logger:c.e.t.a.domain.repository.EmployeeMapper.search 	message:<==        Row: 100003, 高橋 健, 27, 1997/03/03, 京都府京都市, 0900000003
date:2026-04-02 15:57:03	thread:http-nio-8080-exec-2	X-Track:5b87232123a1417fb10a697f3d491b2d	level:TRACE	logger:c.e.t.a.domain.repository.EmployeeMapper.search 	message:<==        Row: 100004, 田中 翔, 28, 1996/04/04, 愛知県名古屋市, 0900000004
date:2026-04-02 15:57:03	thread:http-nio-8080-exec-2	X-Track:5b87232123a1417fb10a697f3d491b2d	level:TRACE	logger:c.e.t.a.domain.repository.EmployeeMapper.search 	message:<==        Row: 100005, 伊藤 大輔, 29, 1995/05/05, 福岡県福岡市, 0900000005
date:2026-04-02 15:57:03	thread:http-nio-8080-exec-2	X-Track:5b87232123a1417fb10a697f3d491b2d	level:DEBUG	logger:c.e.t.a.domain.repository.EmployeeMapper.search 	message:<==      Total: 5
date:2026-04-02 15:57:03	thread:http-nio-8080-exec-2	X-Track:5b87232123a1417fb10a697f3d491b2d	level:TRACE	logger:o.t.gfw.web.logging.TraceLoggingInterceptor     	message:[END CONTROLLER  ] EmployeeSearchController.search(EmployeeSearchForm,BindingResult,int,int,Model)-> view=employee/search, model={employeeSearchForm=com.example.terasoluna.app.app.employee.EmployeeSearchForm@71c3ff08, org.springframework.validation.BindingResult.employeeSearchForm=org.springframework.validation.BeanPropertyBindingResult: 0 errors, employees=[com.example.terasoluna.app.domain.model.Employee@b06d5b4, com.example.terasoluna.app.domain.model.Employee@544a86cf, com.example.terasoluna.app.domain.model.Employee@310531ba, com.example.terasoluna.app.domain.model.Employee@5fd0b32d, com.example.terasoluna.app.domain.model.Employee@62c67616], resultCount=20, currentPage=1, totalPages=4, size=5, hasPrev=false, hasNext=true, prevPage=1, nextPage=2, pageLinks=[PageLink[pageNumber=1, current=true], PageLink[pageNumber=2, current=false], PageLink[pageNumber=3, current=false], PageLink[pageNumber=4, current=false]]}
date:2026-04-02 15:57:03	thread:http-nio-8080-exec-2	X-Track:5b87232123a1417fb10a697f3d491b2d	level:TRACE	logger:o.t.gfw.web.logging.TraceLoggingInterceptor     	message:[HANDLING TIME   ] EmployeeSearchController.search(EmployeeSearchForm,BindingResult,int,int,Model)-> 2,552,121,400 ns
date:2026-04-02 15:57:04	thread:http-nio-8080-exec-4	X-Track:3738bf3fcd784d82bcbec2a3214099c4	level:TRACE	logger:o.s.w.s.m.m.a.RequestMappingHandlerMapping      	message:Mapped to com.example.terasoluna.app.app.employee.EmployeeSearchController#search(EmployeeSearchForm, BindingResult, int, int, Model)
date:2026-04-02 15:57:04	thread:http-nio-8080-exec-4	X-Track:3738bf3fcd784d82bcbec2a3214099c4	level:TRACE	logger:o.t.gfw.web.logging.TraceLoggingInterceptor     	message:[START CONTROLLER] EmployeeSearchController.search(EmployeeSearchForm,BindingResult,int,int,Model)
date:2026-04-02 15:57:04	thread:http-nio-8080-exec-4	X-Track:3738bf3fcd784d82bcbec2a3214099c4	level:DEBUG	logger:c.e.t.app.domain.repository.EmployeeMapper.count	message:==>  Preparing: SELECT COUNT(*) FROM EMPLOYEE WHERE 1 = 1
date:2026-04-02 15:57:04	thread:http-nio-8080-exec-4	X-Track:3738bf3fcd784d82bcbec2a3214099c4	level:DEBUG	logger:c.e.t.app.domain.repository.EmployeeMapper.count	message:==> Parameters: 
date:2026-04-02 15:57:04	thread:http-nio-8080-exec-4	X-Track:3738bf3fcd784d82bcbec2a3214099c4	level:TRACE	logger:c.e.t.app.domain.repository.EmployeeMapper.count	message:<==    Columns: COUNT(*)
date:2026-04-02 15:57:04	thread:http-nio-8080-exec-4	X-Track:3738bf3fcd784d82bcbec2a3214099c4	level:TRACE	logger:c.e.t.app.domain.repository.EmployeeMapper.count	message:<==        Row: 20
date:2026-04-02 15:57:04	thread:http-nio-8080-exec-4	X-Track:3738bf3fcd784d82bcbec2a3214099c4	level:DEBUG	logger:c.e.t.app.domain.repository.EmployeeMapper.count	message:<==      Total: 1
date:2026-04-02 15:57:04	thread:http-nio-8080-exec-4	X-Track:3738bf3fcd784d82bcbec2a3214099c4	level:DEBUG	logger:c.e.t.a.domain.repository.EmployeeMapper.search 	message:==>  Preparing: SELECT EMPLOYEEID, NAME, AGE, BIRTH, ADDRESS, PHONENUMBER FROM EMPLOYEE WHERE 1 = 1 ORDER BY EMPLOYEEID OFFSET ? ROWS FETCH NEXT ? ROWS ONLY
date:2026-04-02 15:57:04	thread:http-nio-8080-exec-4	X-Track:3738bf3fcd784d82bcbec2a3214099c4	level:DEBUG	logger:c.e.t.a.domain.repository.EmployeeMapper.search 	message:==> Parameters: 0(Integer), 5(Integer)
date:2026-04-02 15:57:04	thread:http-nio-8080-exec-4	X-Track:3738bf3fcd784d82bcbec2a3214099c4	level:TRACE	logger:c.e.t.a.domain.repository.EmployeeMapper.search 	message:<==    Columns: EMPLOYEEID, NAME, AGE, BIRTH, ADDRESS, PHONENUMBER
date:2026-04-02 15:57:04	thread:http-nio-8080-exec-4	X-Track:3738bf3fcd784d82bcbec2a3214099c4	level:TRACE	logger:c.e.t.a.domain.repository.EmployeeMapper.search 	message:<==        Row: 100001, 佐藤 太郎, 25, 1999/01/01, 東京都新宿区, 0900000001
date:2026-04-02 15:57:04	thread:http-nio-8080-exec-4	X-Track:3738bf3fcd784d82bcbec2a3214099c4	level:TRACE	logger:c.e.t.a.domain.repository.EmployeeMapper.search 	message:<==        Row: 100002, 鈴木 一郎, 26, 1998/02/02, 大阪府大阪市, 0900000002
date:2026-04-02 15:57:04	thread:http-nio-8080-exec-4	X-Track:3738bf3fcd784d82bcbec2a3214099c4	level:TRACE	logger:c.e.t.a.domain.repository.EmployeeMapper.search 	message:<==        Row: 100003, 高橋 健, 27, 1997/03/03, 京都府京都市, 0900000003
date:2026-04-02 15:57:04	thread:http-nio-8080-exec-4	X-Track:3738bf3fcd784d82bcbec2a3214099c4	level:TRACE	logger:c.e.t.a.domain.repository.EmployeeMapper.search 	message:<==        Row: 100004, 田中 翔, 28, 1996/04/04, 愛知県名古屋市, 0900000004
date:2026-04-02 15:57:04	thread:http-nio-8080-exec-4	X-Track:3738bf3fcd784d82bcbec2a3214099c4	level:TRACE	logger:c.e.t.a.domain.repository.EmployeeMapper.search 	message:<==        Row: 100005, 伊藤 大輔, 29, 1995/05/05, 福岡県福岡市, 0900000005
date:2026-04-02 15:57:04	thread:http-nio-8080-exec-4	X-Track:3738bf3fcd784d82bcbec2a3214099c4	level:DEBUG	logger:c.e.t.a.domain.repository.EmployeeMapper.search 	message:<==      Total: 5
date:2026-04-02 15:57:04	thread:http-nio-8080-exec-4	X-Track:3738bf3fcd784d82bcbec2a3214099c4	level:TRACE	logger:o.t.gfw.web.logging.TraceLoggingInterceptor     	message:[END CONTROLLER  ] EmployeeSearchController.search(EmployeeSearchForm,BindingResult,int,int,Model)-> view=employee/search, model={employeeSearchForm=com.example.terasoluna.app.app.employee.EmployeeSearchForm@54651841, org.springframework.validation.BindingResult.employeeSearchForm=org.springframework.validation.BeanPropertyBindingResult: 0 errors, employees=[com.example.terasoluna.app.domain.model.Employee@2e4e5f30, com.example.terasoluna.app.domain.model.Employee@40204d35, com.example.terasoluna.app.domain.model.Employee@347dc73e, com.example.terasoluna.app.domain.model.Employee@482676e0, com.example.terasoluna.app.domain.model.Employee@14cd070b], resultCount=20, currentPage=1, totalPages=4, size=5, hasPrev=false, hasNext=true, prevPage=1, nextPage=2, pageLinks=[PageLink[pageNumber=1, current=true], PageLink[pageNumber=2, current=false], PageLink[pageNumber=3, current=false], PageLink[pageNumber=4, current=false]]}
date:2026-04-02 15:57:04	thread:http-nio-8080-exec-4	X-Track:3738bf3fcd784d82bcbec2a3214099c4	level:TRACE	logger:o.t.gfw.web.logging.TraceLoggingInterceptor     	message:[HANDLING TIME   ] EmployeeSearchController.search(EmployeeSearchForm,BindingResult,int,int,Model)-> 188,687,000 ns
date:2026-04-02 15:57:48	thread:http-nio-8080-exec-5	X-Track:664eff710a7447a39b74d388c8640ec8	level:TRACE	logger:o.s.w.s.m.m.a.RequestMappingHandlerMapping      	message:Mapped to com.example.terasoluna.app.app.employee.EmployeeSearchController#search(EmployeeSearchForm, BindingResult, int, int, Model)
date:2026-04-02 15:57:48	thread:http-nio-8080-exec-5	X-Track:664eff710a7447a39b74d388c8640ec8	level:TRACE	logger:o.t.gfw.web.logging.TraceLoggingInterceptor     	message:[START CONTROLLER] EmployeeSearchController.search(EmployeeSearchForm,BindingResult,int,int,Model)
date:2026-04-02 15:57:48	thread:http-nio-8080-exec-5	X-Track:664eff710a7447a39b74d388c8640ec8	level:DEBUG	logger:c.e.t.app.domain.repository.EmployeeMapper.count	message:==>  Preparing: SELECT COUNT(*) FROM EMPLOYEE WHERE 1 = 1
date:2026-04-02 15:57:48	thread:http-nio-8080-exec-5	X-Track:664eff710a7447a39b74d388c8640ec8	level:DEBUG	logger:c.e.t.app.domain.repository.EmployeeMapper.count	message:==> Parameters: 
date:2026-04-02 15:57:48	thread:http-nio-8080-exec-5	X-Track:664eff710a7447a39b74d388c8640ec8	level:TRACE	logger:c.e.t.app.domain.repository.EmployeeMapper.count	message:<==    Columns: COUNT(*)
date:2026-04-02 15:57:48	thread:http-nio-8080-exec-5	X-Track:664eff710a7447a39b74d388c8640ec8	level:TRACE	logger:c.e.t.app.domain.repository.EmployeeMapper.count	message:<==        Row: 20
date:2026-04-02 15:57:48	thread:http-nio-8080-exec-5	X-Track:664eff710a7447a39b74d388c8640ec8	level:DEBUG	logger:c.e.t.app.domain.repository.EmployeeMapper.count	message:<==      Total: 1
date:2026-04-02 15:57:48	thread:http-nio-8080-exec-5	X-Track:664eff710a7447a39b74d388c8640ec8	level:DEBUG	logger:c.e.t.a.domain.repository.EmployeeMapper.search 	message:==>  Preparing: SELECT EMPLOYEEID, NAME, AGE, BIRTH, ADDRESS, PHONENUMBER FROM EMPLOYEE WHERE 1 = 1 ORDER BY EMPLOYEEID OFFSET ? ROWS FETCH NEXT ? ROWS ONLY
date:2026-04-02 15:57:48	thread:http-nio-8080-exec-5	X-Track:664eff710a7447a39b74d388c8640ec8	level:DEBUG	logger:c.e.t.a.domain.repository.EmployeeMapper.search 	message:==> Parameters: 0(Integer), 5(Integer)
date:2026-04-02 15:57:48	thread:http-nio-8080-exec-5	X-Track:664eff710a7447a39b74d388c8640ec8	level:TRACE	logger:c.e.t.a.domain.repository.EmployeeMapper.search 	message:<==    Columns: EMPLOYEEID, NAME, AGE, BIRTH, ADDRESS, PHONENUMBER
date:2026-04-02 15:57:48	thread:http-nio-8080-exec-5	X-Track:664eff710a7447a39b74d388c8640ec8	level:TRACE	logger:c.e.t.a.domain.repository.EmployeeMapper.search 	message:<==        Row: 100001, 佐藤 太郎, 25, 1999/01/01, 東京都新宿区, 0900000001
date:2026-04-02 15:57:48	thread:http-nio-8080-exec-5	X-Track:664eff710a7447a39b74d388c8640ec8	level:TRACE	logger:c.e.t.a.domain.repository.EmployeeMapper.search 	message:<==        Row: 100002, 鈴木 一郎, 26, 1998/02/02, 大阪府大阪市, 0900000002
date:2026-04-02 15:57:48	thread:http-nio-8080-exec-5	X-Track:664eff710a7447a39b74d388c8640ec8	level:TRACE	logger:c.e.t.a.domain.repository.EmployeeMapper.search 	message:<==        Row: 100003, 高橋 健, 27, 1997/03/03, 京都府京都市, 0900000003
date:2026-04-02 15:57:48	thread:http-nio-8080-exec-5	X-Track:664eff710a7447a39b74d388c8640ec8	level:TRACE	logger:c.e.t.a.domain.repository.EmployeeMapper.search 	message:<==        Row: 100004, 田中 翔, 28, 1996/04/04, 愛知県名古屋市, 0900000004
date:2026-04-02 15:57:48	thread:http-nio-8080-exec-5	X-Track:664eff710a7447a39b74d388c8640ec8	level:TRACE	logger:c.e.t.a.domain.repository.EmployeeMapper.search 	message:<==        Row: 100005, 伊藤 大輔, 29, 1995/05/05, 福岡県福岡市, 0900000005
date:2026-04-02 15:57:48	thread:http-nio-8080-exec-5	X-Track:664eff710a7447a39b74d388c8640ec8	level:DEBUG	logger:c.e.t.a.domain.repository.EmployeeMapper.search 	message:<==      Total: 5
date:2026-04-02 15:57:48	thread:http-nio-8080-exec-5	X-Track:664eff710a7447a39b74d388c8640ec8	level:TRACE	logger:o.t.gfw.web.logging.TraceLoggingInterceptor     	message:[END CONTROLLER  ] EmployeeSearchController.search(EmployeeSearchForm,BindingResult,int,int,Model)-> view=employee/search, model={employeeSearchForm=com.example.terasoluna.app.app.employee.EmployeeSearchForm@4eec7c0b, org.springframework.validation.BindingResult.employeeSearchForm=org.springframework.validation.BeanPropertyBindingResult: 0 errors, employees=[com.example.terasoluna.app.domain.model.Employee@722d1ce5, com.example.terasoluna.app.domain.model.Employee@6f5afe92, com.example.terasoluna.app.domain.model.Employee@1b454b0b, com.example.terasoluna.app.domain.model.Employee@36e4704c, com.example.terasoluna.app.domain.model.Employee@2cb48841], resultCount=20, currentPage=1, totalPages=4, size=5, hasPrev=false, hasNext=true, prevPage=1, nextPage=2, pageLinks=[PageLink[pageNumber=1, current=true], PageLink[pageNumber=2, current=false], PageLink[pageNumber=3, current=false], PageLink[pageNumber=4, current=false]]}
date:2026-04-02 15:57:48	thread:http-nio-8080-exec-5	X-Track:664eff710a7447a39b74d388c8640ec8	level:TRACE	logger:o.t.gfw.web.logging.TraceLoggingInterceptor     	message:[HANDLING TIME   ] EmployeeSearchController.search(EmployeeSearchForm,BindingResult,int,int,Model)-> 174,110,600 ns
